<?xml version="1.0" encoding="UTF-8"?>
<?totaltestVersion 23.2.1.v20231217-1536_93?>
<!--BMC AMI DevX Total Test 23.2.1.v20231217-1536_93 11 Jan 2024, 17:03:32-->
<testsuites>
  <testsuite name="ALJOCOB_Scenario" errors="0" tests="1" failures="1">
    <testcase classname="ALJOCOB_Scenario" name="Unit Test: Test Case: ALJOCOBCase1 for program: ALJOCOB">
      <failure>Failure    Linkage field: Message: Check for RETURN_CODE failed. Actual: 0 Expected: 4</failure>
    </testcase>
  </testsuite>
</testsuites>
